[2025-06-27T22:08:28.986698] INFO: Starting server script: server.py on port 80
[2025-06-27T22:08:30.987353] INFO: Server started successfully
[2025-06-27T22:08:30.987662] INFO: Starting notify file check
[2025-06-27T22:08:30.987785] INFO: Started notify file monitoring thread
[2025-06-27T22:08:30.991376] INFO: Saved agents to /home/kali/BITStreamC2/agents.json
[2025-06-27T22:08:30.991425] INFO: Completed notify file check
[2025-06-27T22:08:33.592483] INFO: Saved agents to /home/kali/BITStreamC2/agents.json
[2025-06-27T22:08:35.991714] INFO: Starting notify file check
[2025-06-27T22:08:35.992054] INFO: Saved agents to /home/kali/BITStreamC2/agents.json
[2025-06-27T22:08:35.992074] INFO: Completed notify file check
[2025-06-27T22:08:40.992354] INFO: Starting notify file check
[2025-06-27T22:08:40.992651] INFO: Saved agents to /home/kali/BITStreamC2/agents.json
[2025-06-27T22:08:40.992706] INFO: Completed notify file check
[2025-06-27T22:08:42.650664] INFO: Saved agents to /home/kali/BITStreamC2/agents.json
[2025-06-27T22:08:44.715597] INFO: Saved agents to /home/kali/BITStreamC2/agents.json
[2025-06-27T22:08:45.992874] INFO: Starting notify file check
[2025-06-27T22:08:45.993478] INFO: Saved agents to /home/kali/BITStreamC2/agents.json
[2025-06-27T22:08:45.993505] INFO: Completed notify file check
[2025-06-27T22:08:50.420282] INFO: Stopping server script
[2025-06-27T22:08:50.422128] INFO: Server stopped. stdout: , stderr: 
[2025-06-27T22:08:57.161420] INFO: Starting server script: server.py on port 80
[2025-06-27T22:08:59.162375] INFO: Server started successfully
[2025-06-27T22:08:59.162680] INFO: Started notify file monitoring thread
[2025-06-27T22:08:59.162694] INFO: Starting notify file check
[2025-06-27T22:08:59.163774] INFO: Saved agents to /home/kali/BITStreamC2/agents.json
[2025-06-27T22:08:59.163827] INFO: Completed notify file check
[2025-06-27T22:09:04.164671] INFO: Starting notify file check
[2025-06-27T22:09:04.164951] INFO: Saved agents to /home/kali/BITStreamC2/agents.json
[2025-06-27T22:09:04.165007] INFO: Completed notify file check
[2025-06-27T22:09:09.165307] INFO: Starting notify file check
[2025-06-27T22:09:09.165604] INFO: Saved agents to /home/kali/BITStreamC2/agents.json
[2025-06-27T22:09:09.165626] INFO: Completed notify file check
[2025-06-27T22:09:14.165837] INFO: Starting notify file check
[2025-06-27T22:09:14.166205] INFO: Saved agents to /home/kali/BITStreamC2/agents.json
[2025-06-27T22:09:14.166226] INFO: Completed notify file check
[2025-06-27T22:09:19.166722] INFO: Starting notify file check
[2025-06-27T22:09:19.167201] INFO: Saved agents to /home/kali/BITStreamC2/agents.json
[2025-06-27T22:09:19.167223] INFO: Completed notify file check
[2025-06-27T22:09:24.168123] INFO: Starting notify file check
[2025-06-27T22:09:24.168586] INFO: Saved agents to /home/kali/BITStreamC2/agents.json
[2025-06-27T22:09:24.168608] INFO: Completed notify file check
[2025-06-27T22:09:29.169090] INFO: Starting notify file check
[2025-06-27T22:09:29.169537] INFO: Saved agents to /home/kali/BITStreamC2/agents.json
[2025-06-27T22:09:29.169587] INFO: Completed notify file check
[2025-06-27T22:09:34.169876] INFO: Starting notify file check
[2025-06-27T22:09:34.170404] INFO: Saved agents to /home/kali/BITStreamC2/agents.json
[2025-06-27T22:09:34.170426] INFO: Completed notify file check
[2025-06-27T22:09:39.170678] INFO: Starting notify file check
[2025-06-27T22:09:39.171205] INFO: Saved agents to /home/kali/BITStreamC2/agents.json
[2025-06-27T22:09:39.171225] INFO: Completed notify file check
[2025-06-27T22:09:44.171508] INFO: Starting notify file check
[2025-06-27T22:09:44.171957] INFO: Saved agents to /home/kali/BITStreamC2/agents.json
[2025-06-27T22:09:44.171979] INFO: Completed notify file check
[2025-06-27T22:09:49.172383] INFO: Starting notify file check
[2025-06-27T22:09:49.172853] INFO: Saved agents to /home/kali/BITStreamC2/agents.json
[2025-06-27T22:09:49.172874] INFO: Completed notify file check
[2025-06-27T22:09:54.173087] INFO: Starting notify file check
[2025-06-27T22:09:54.173528] INFO: Saved agents to /home/kali/BITStreamC2/agents.json
[2025-06-27T22:09:54.173555] INFO: Completed notify file check
[2025-06-27T22:09:59.173810] INFO: Starting notify file check
[2025-06-27T22:09:59.174295] INFO: Saved agents to /home/kali/BITStreamC2/agents.json
[2025-06-27T22:09:59.174315] INFO: Completed notify file check
[2025-06-27T22:10:04.175248] INFO: Starting notify file check
[2025-06-27T22:10:04.175497] INFO: Saved agents to /home/kali/BITStreamC2/agents.json
[2025-06-27T22:10:04.175550] INFO: Completed notify file check
[2025-06-27T22:10:09.176561] INFO: Starting notify file check
[2025-06-27T22:10:09.176824] INFO: Saved agents to /home/kali/BITStreamC2/agents.json
[2025-06-27T22:10:09.176877] INFO: Completed notify file check
[2025-06-27T22:10:14.177684] INFO: Starting notify file check
[2025-06-27T22:10:14.178143] INFO: Saved agents to /home/kali/BITStreamC2/agents.json
[2025-06-27T22:10:14.178164] INFO: Completed notify file check
[2025-06-27T22:10:19.178366] INFO: Starting notify file check
[2025-06-27T22:10:19.178863] INFO: Saved agents to /home/kali/BITStreamC2/agents.json
[2025-06-27T22:10:19.178886] INFO: Completed notify file check
[2025-06-27T22:10:24.179950] INFO: Starting notify file check
[2025-06-27T22:10:24.180426] INFO: Saved agents to /home/kali/BITStreamC2/agents.json
[2025-06-27T22:10:24.180448] INFO: Completed notify file check
[2025-06-27T22:10:29.181197] INFO: Starting notify file check
[2025-06-27T22:10:29.181650] INFO: Saved agents to /home/kali/BITStreamC2/agents.json
[2025-06-27T22:10:29.181672] INFO: Completed notify file check
[2025-06-27T22:10:34.182150] INFO: Starting notify file check
[2025-06-27T22:10:34.182591] INFO: Saved agents to /home/kali/BITStreamC2/agents.json
[2025-06-27T22:10:34.182642] INFO: Completed notify file check
[2025-06-27T22:10:39.183047] INFO: Starting notify file check
[2025-06-27T22:10:39.183516] INFO: Saved agents to /home/kali/BITStreamC2/agents.json
[2025-06-27T22:10:39.183537] INFO: Completed notify file check
[2025-06-27T22:10:44.184568] INFO: Starting notify file check
[2025-06-27T22:10:44.185028] INFO: Saved agents to /home/kali/BITStreamC2/agents.json
[2025-06-27T22:10:44.185050] INFO: Completed notify file check
[2025-06-27T22:10:49.185508] INFO: Starting notify file check
[2025-06-27T22:10:49.185976] INFO: Saved agents to /home/kali/BITStreamC2/agents.json
[2025-06-27T22:10:49.185998] INFO: Completed notify file check
[2025-06-27T22:10:54.186627] INFO: Starting notify file check
[2025-06-27T22:10:54.187121] INFO: Saved agents to /home/kali/BITStreamC2/agents.json
[2025-06-27T22:10:54.187171] INFO: Completed notify file check
[2025-06-27T22:10:59.187830] INFO: Starting notify file check
[2025-06-27T22:10:59.188277] INFO: Saved agents to /home/kali/BITStreamC2/agents.json
[2025-06-27T22:10:59.188327] INFO: Completed notify file check
[2025-06-27T22:11:04.188931] INFO: Starting notify file check
[2025-06-27T22:11:04.189385] INFO: Saved agents to /home/kali/BITStreamC2/agents.json
[2025-06-27T22:11:04.189407] INFO: Completed notify file check
[2025-06-27T22:11:09.189776] INFO: Starting notify file check
[2025-06-27T22:11:09.190232] INFO: Saved agents to /home/kali/BITStreamC2/agents.json
[2025-06-27T22:11:09.190255] INFO: Completed notify file check
[2025-06-27T22:11:14.190771] INFO: Starting notify file check
[2025-06-27T22:11:14.191213] INFO: Saved agents to /home/kali/BITStreamC2/agents.json
[2025-06-27T22:11:14.191263] INFO: Completed notify file check
[2025-06-27T22:11:19.192085] INFO: Starting notify file check
[2025-06-27T22:11:19.192675] INFO: Saved agents to /home/kali/BITStreamC2/agents.json
[2025-06-27T22:11:19.192704] INFO: Completed notify file check
[2025-06-27T22:11:24.193203] INFO: Starting notify file check
[2025-06-27T22:11:24.193787] INFO: Saved agents to /home/kali/BITStreamC2/agents.json
[2025-06-27T22:11:24.193818] INFO: Completed notify file check
[2025-06-27T22:11:29.194328] INFO: Starting notify file check
[2025-06-27T22:11:29.194844] INFO: Saved agents to /home/kali/BITStreamC2/agents.json
[2025-06-27T22:11:29.194868] INFO: Completed notify file check
[2025-06-27T22:11:34.195262] INFO: Starting notify file check
[2025-06-27T22:11:34.195751] INFO: Saved agents to /home/kali/BITStreamC2/agents.json
[2025-06-27T22:11:34.195770] INFO: Completed notify file check
[2025-06-27T22:11:39.196581] INFO: Starting notify file check
[2025-06-27T22:11:39.197156] INFO: Saved agents to /home/kali/BITStreamC2/agents.json
[2025-06-27T22:11:39.197182] INFO: Completed notify file check
[2025-06-27T22:11:44.197524] INFO: Starting notify file check
[2025-06-27T22:11:44.198020] INFO: Saved agents to /home/kali/BITStreamC2/agents.json
[2025-06-27T22:11:44.198039] INFO: Completed notify file check
[2025-06-27T22:11:49.198658] INFO: Starting notify file check
[2025-06-27T22:11:49.199098] INFO: Saved agents to /home/kali/BITStreamC2/agents.json
[2025-06-27T22:11:49.199120] INFO: Completed notify file check
[2025-06-27T22:11:54.199480] INFO: Starting notify file check
[2025-06-27T22:11:54.200123] INFO: Saved agents to /home/kali/BITStreamC2/agents.json
[2025-06-27T22:11:54.200143] INFO: Completed notify file check
[2025-06-27T22:11:59.200417] INFO: Starting notify file check
[2025-06-27T22:11:59.200959] INFO: Saved agents to /home/kali/BITStreamC2/agents.json
[2025-06-27T22:11:59.200981] INFO: Completed notify file check
[2025-06-27T22:12:04.201272] INFO: Starting notify file check
[2025-06-27T22:12:04.201748] INFO: Saved agents to /home/kali/BITStreamC2/agents.json
[2025-06-27T22:12:04.201769] INFO: Completed notify file check
[2025-06-27T22:12:09.202369] INFO: Starting notify file check
[2025-06-27T22:12:09.202843] INFO: Saved agents to /home/kali/BITStreamC2/agents.json
[2025-06-27T22:12:09.202867] INFO: Completed notify file check
[2025-06-27T22:12:14.203061] INFO: Starting notify file check
[2025-06-27T22:12:14.203506] INFO: Saved agents to /home/kali/BITStreamC2/agents.json
[2025-06-27T22:12:14.203528] INFO: Completed notify file check
[2025-06-27T22:12:19.204040] INFO: Starting notify file check
[2025-06-27T22:12:19.204488] INFO: Saved agents to /home/kali/BITStreamC2/agents.json
[2025-06-27T22:12:19.204509] INFO: Completed notify file check
[2025-06-27T22:12:24.205037] INFO: Starting notify file check
[2025-06-27T22:12:24.205632] INFO: Saved agents to /home/kali/BITStreamC2/agents.json
[2025-06-27T22:12:24.205667] INFO: Completed notify file check
[2025-06-27T22:12:29.205980] INFO: Starting notify file check
[2025-06-27T22:12:29.206491] INFO: Saved agents to /home/kali/BITStreamC2/agents.json
[2025-06-27T22:12:29.206513] INFO: Completed notify file check
[2025-06-27T22:12:34.206917] INFO: Starting notify file check
[2025-06-27T22:12:34.207369] INFO: Saved agents to /home/kali/BITStreamC2/agents.json
[2025-06-27T22:12:34.207391] INFO: Completed notify file check
[2025-06-27T22:12:39.207620] INFO: Starting notify file check
[2025-06-27T22:12:39.208064] INFO: Saved agents to /home/kali/BITStreamC2/agents.json
[2025-06-27T22:12:39.208086] INFO: Completed notify file check
[2025-06-27T22:12:44.208527] INFO: Starting notify file check
[2025-06-27T22:12:44.209009] INFO: Saved agents to /home/kali/BITStreamC2/agents.json
[2025-06-27T22:12:44.209031] INFO: Completed notify file check
[2025-06-27T22:12:49.209354] INFO: Starting notify file check
[2025-06-27T22:12:49.209855] INFO: Saved agents to /home/kali/BITStreamC2/agents.json
[2025-06-27T22:12:49.209905] INFO: Completed notify file check
[2025-06-27T22:12:54.210679] INFO: Starting notify file check
[2025-06-27T22:12:54.211207] INFO: Saved agents to /home/kali/BITStreamC2/agents.json
[2025-06-27T22:12:54.211229] INFO: Completed notify file check
[2025-06-27T22:12:59.211947] INFO: Starting notify file check
[2025-06-27T22:12:59.212430] INFO: Saved agents to /home/kali/BITStreamC2/agents.json
[2025-06-27T22:12:59.212451] INFO: Completed notify file check
[2025-06-27T22:13:04.212974] INFO: Starting notify file check
[2025-06-27T22:13:04.213448] INFO: Saved agents to /home/kali/BITStreamC2/agents.json
[2025-06-27T22:13:04.213470] INFO: Completed notify file check
[2025-06-27T22:13:09.214474] INFO: Starting notify file check
[2025-06-27T22:13:09.214945] INFO: Saved agents to /home/kali/BITStreamC2/agents.json
[2025-06-27T22:13:09.214971] INFO: Completed notify file check
[2025-06-27T22:13:14.215345] INFO: Starting notify file check
[2025-06-27T22:13:14.215890] INFO: Saved agents to /home/kali/BITStreamC2/agents.json
[2025-06-27T22:13:14.215910] INFO: Completed notify file check
[2025-06-27T22:13:19.216106] INFO: Starting notify file check
[2025-06-27T22:13:19.216586] INFO: Saved agents to /home/kali/BITStreamC2/agents.json
[2025-06-27T22:13:19.216606] INFO: Completed notify file check
[2025-06-27T22:13:24.217287] INFO: Starting notify file check
[2025-06-27T22:13:24.217860] INFO: Saved agents to /home/kali/BITStreamC2/agents.json
[2025-06-27T22:13:24.217879] INFO: Completed notify file check
[2025-06-27T22:13:29.218644] INFO: Starting notify file check
[2025-06-27T22:13:29.219122] INFO: Saved agents to /home/kali/BITStreamC2/agents.json
[2025-06-27T22:13:29.219216] INFO: Created empty command file: /home/kali/BITStreamC2/commands/stepharoos.json
[2025-06-27T22:13:29.219270] INFO: Added agent: stepharoos (Unknown, Unknown)
[2025-06-27T22:13:29.219458] INFO: Saved agents to /home/kali/BITStreamC2/agents.json
[2025-06-27T22:13:29.219476] INFO: Completed notify file check
[2025-06-27T22:13:34.219929] INFO: Starting notify file check
[2025-06-27T22:13:34.220529] INFO: Saved agents to /home/kali/BITStreamC2/agents.json
[2025-06-27T22:13:34.220548] INFO: Completed notify file check
[2025-06-27T22:13:36.581641] INFO: Saved agents to /home/kali/BITStreamC2/agents.json
[2025-06-27T22:13:39.220882] INFO: Starting notify file check
[2025-06-27T22:13:39.221571] INFO: Saved agents to /home/kali/BITStreamC2/agents.json
[2025-06-27T22:13:39.221596] INFO: Completed notify file check
[2025-06-27T22:13:44.222077] INFO: Starting notify file check
[2025-06-27T22:13:44.222540] INFO: Saved agents to /home/kali/BITStreamC2/agents.json
[2025-06-27T22:13:44.222591] INFO: Completed notify file check
[2025-06-27T22:13:49.223061] INFO: Starting notify file check
[2025-06-27T22:13:49.223702] INFO: Saved agents to /home/kali/BITStreamC2/agents.json
[2025-06-27T22:13:49.223733] INFO: Completed notify file check
[2025-06-27T22:13:51.932104] INFO: Command appended: whoami for agent stepharoos
[2025-06-27T22:13:51.932321] INFO: Command appended: whoami for agent stepharoos
[2025-06-27T22:13:54.224130] INFO: Starting notify file check
[2025-06-27T22:13:54.224600] INFO: Saved agents to /home/kali/BITStreamC2/agents.json
[2025-06-27T22:13:54.224623] INFO: Completed notify file check
[2025-06-27T22:13:59.225643] INFO: Starting notify file check
[2025-06-27T22:13:59.226210] INFO: Saved agents to /home/kali/BITStreamC2/agents.json
[2025-06-27T22:13:59.226389] INFO: Marked agent stepharoos as Offline due to timeout
[2025-06-27T22:13:59.226522] INFO: Saved agents to /home/kali/BITStreamC2/agents.json
[2025-06-27T22:13:59.226541] INFO: Completed notify file check
[2025-06-27T22:14:04.227160] INFO: Starting notify file check
[2025-06-27T22:14:04.227674] INFO: Saved agents to /home/kali/BITStreamC2/agents.json
[2025-06-27T22:14:04.227696] INFO: Completed notify file check
[2025-06-27T22:14:09.228120] INFO: Starting notify file check
[2025-06-27T22:14:09.228574] INFO: Saved agents to /home/kali/BITStreamC2/agents.json
[2025-06-27T22:14:09.228595] INFO: Completed notify file check
[2025-06-27T22:14:14.229019] INFO: Starting notify file check
[2025-06-27T22:14:14.229609] INFO: Saved agents to /home/kali/BITStreamC2/agents.json
[2025-06-27T22:14:14.229630] INFO: Completed notify file check
[2025-06-27T22:14:19.229806] INFO: Starting notify file check
[2025-06-27T22:14:19.230318] INFO: Saved agents to /home/kali/BITStreamC2/agents.json
[2025-06-27T22:14:19.230340] INFO: Completed notify file check
[2025-06-27T22:14:24.230528] INFO: Starting notify file check
[2025-06-27T22:14:24.231057] INFO: Saved agents to /home/kali/BITStreamC2/agents.json
[2025-06-27T22:14:24.231079] INFO: Completed notify file check
[2025-06-27T22:14:27.187806] INFO: Command appended: ipconfig for agent stepharoos
[2025-06-27T22:14:27.187990] INFO: Command appended: ipconfig for agent stepharoos
[2025-06-27T22:14:29.231468] INFO: Starting notify file check
[2025-06-27T22:14:29.232041] INFO: Saved agents to /home/kali/BITStreamC2/agents.json
[2025-06-27T22:14:29.232326] INFO: Saved agents to /home/kali/BITStreamC2/agents.json
[2025-06-27T22:14:29.232344] INFO: Completed notify file check
[2025-06-27T22:14:34.232611] INFO: Starting notify file check
[2025-06-27T22:14:34.233110] INFO: Saved agents to /home/kali/BITStreamC2/agents.json
[2025-06-27T22:14:34.233159] INFO: Completed notify file check
[2025-06-27T22:14:39.233673] INFO: Starting notify file check
[2025-06-27T22:14:39.234161] INFO: Saved agents to /home/kali/BITStreamC2/agents.json
[2025-06-27T22:14:39.234212] INFO: Completed notify file check
[2025-06-27T22:14:44.234358] INFO: Starting notify file check
[2025-06-27T22:14:44.234877] INFO: Saved agents to /home/kali/BITStreamC2/agents.json
[2025-06-27T22:14:44.234904] INFO: Completed notify file check
[2025-06-27T22:14:46.567038] INFO: Command appended: whoami /priv for agent stepharoos
[2025-06-27T22:14:46.567194] INFO: Command appended: whoami /priv for agent stepharoos
[2025-06-27T22:14:49.235350] INFO: Starting notify file check
[2025-06-27T22:14:49.235931] INFO: Saved agents to /home/kali/BITStreamC2/agents.json
[2025-06-27T22:14:49.236401] INFO: Saved agents to /home/kali/BITStreamC2/agents.json
[2025-06-27T22:14:49.236420] INFO: Completed notify file check
[2025-06-27T22:14:54.236792] INFO: Starting notify file check
[2025-06-27T22:14:54.237288] INFO: Saved agents to /home/kali/BITStreamC2/agents.json
[2025-06-27T22:14:54.237310] INFO: Completed notify file check
[2025-06-27T22:14:57.045889] INFO: Command appended: dir for agent stepharoos
[2025-06-27T22:14:57.046075] INFO: Command appended: dir for agent stepharoos
[2025-06-27T22:14:59.237791] INFO: Starting notify file check
[2025-06-27T22:14:59.238404] INFO: Saved agents to /home/kali/BITStreamC2/agents.json
[2025-06-27T22:14:59.238434] INFO: Completed notify file check
[2025-06-27T22:15:04.239217] INFO: Starting notify file check
[2025-06-27T22:15:04.239734] INFO: Saved agents to /home/kali/BITStreamC2/agents.json
[2025-06-27T22:15:04.240071] INFO: Saved agents to /home/kali/BITStreamC2/agents.json
[2025-06-27T22:15:04.240090] INFO: Completed notify file check
[2025-06-27T22:15:09.240434] INFO: Starting notify file check
[2025-06-27T22:15:09.240843] INFO: Saved agents to /home/kali/BITStreamC2/agents.json
[2025-06-27T22:15:09.240879] INFO: Completed notify file check
[2025-06-27T22:15:14.241297] INFO: Starting notify file check
[2025-06-27T22:15:14.241776] INFO: Saved agents to /home/kali/BITStreamC2/agents.json
[2025-06-27T22:15:14.241797] INFO: Completed notify file check
[2025-06-27T22:15:14.392560] INFO: Command appended: cd Desktop for agent stepharoos
[2025-06-27T22:15:14.394132] INFO: Command appended: cd Desktop for agent stepharoos
[2025-06-27T22:15:16.863613] INFO: Command appended: dir for agent stepharoos
[2025-06-27T22:15:16.863802] INFO: Command appended: dir for agent stepharoos
[2025-06-27T22:15:19.241965] INFO: Starting notify file check
[2025-06-27T22:15:19.242551] INFO: Saved agents to /home/kali/BITStreamC2/agents.json
[2025-06-27T22:15:19.242905] INFO: Saved agents to /home/kali/BITStreamC2/agents.json
[2025-06-27T22:15:19.242927] INFO: Completed notify file check
[2025-06-27T22:15:24.243100] INFO: Starting notify file check
[2025-06-27T22:15:24.243626] INFO: Saved agents to /home/kali/BITStreamC2/agents.json
[2025-06-27T22:15:24.243649] INFO: Completed notify file check
[2025-06-27T22:15:29.244111] INFO: Starting notify file check
[2025-06-27T22:15:29.244598] INFO: Saved agents to /home/kali/BITStreamC2/agents.json
[2025-06-27T22:15:29.244620] INFO: Completed notify file check
[2025-06-27T22:15:30.359483] INFO: Command appended: dir for agent stepharoos
[2025-06-27T22:15:30.359675] INFO: Command appended: dir for agent stepharoos
[2025-06-27T22:15:34.245032] INFO: Starting notify file check
[2025-06-27T22:15:34.245832] INFO: Saved agents to /home/kali/BITStreamC2/agents.json
[2025-06-27T22:15:34.246116] INFO: Saved agents to /home/kali/BITStreamC2/agents.json
[2025-06-27T22:15:34.246134] INFO: Completed notify file check
[2025-06-27T22:15:39.246329] INFO: Starting notify file check
[2025-06-27T22:15:39.247089] INFO: Saved agents to /home/kali/BITStreamC2/agents.json
[2025-06-27T22:15:39.247117] INFO: Completed notify file check
[2025-06-27T22:15:44.247336] INFO: Starting notify file check
[2025-06-27T22:15:44.247840] INFO: Saved agents to /home/kali/BITStreamC2/agents.json
[2025-06-27T22:15:44.247859] INFO: Completed notify file check
[2025-06-27T22:15:49.248498] INFO: Starting notify file check
[2025-06-27T22:15:49.248985] INFO: Saved agents to /home/kali/BITStreamC2/agents.json
[2025-06-27T22:15:49.249005] INFO: Completed notify file check
[2025-06-27T22:15:50.379934] INFO: Command appended: calc.exe for agent stepharoos
[2025-06-27T22:15:50.380119] INFO: Command appended: calc.exe for agent stepharoos
[2025-06-27T22:15:54.249531] INFO: Starting notify file check
[2025-06-27T22:15:54.250097] INFO: Saved agents to /home/kali/BITStreamC2/agents.json
[2025-06-27T22:15:54.250394] INFO: Saved agents to /home/kali/BITStreamC2/agents.json
[2025-06-27T22:15:54.250414] INFO: Completed notify file check
[2025-06-27T22:15:59.250967] INFO: Starting notify file check
[2025-06-27T22:15:59.251239] INFO: Saved agents to /home/kali/BITStreamC2/agents.json
[2025-06-27T22:15:59.251291] INFO: Completed notify file check
[2025-06-27T22:16:04.251871] INFO: Starting notify file check
[2025-06-27T22:16:04.252158] INFO: Saved agents to /home/kali/BITStreamC2/agents.json
[2025-06-27T22:16:04.252215] INFO: Completed notify file check
[2025-06-27T22:16:08.635795] INFO: Command appended: calc.exe for agent stepharoos
[2025-06-27T22:16:08.635952] INFO: Command appended: calc.exe for agent stepharoos
[2025-06-27T22:16:09.252882] INFO: Starting notify file check
[2025-06-27T22:16:09.253168] INFO: Saved agents to /home/kali/BITStreamC2/agents.json
[2025-06-27T22:16:09.253226] INFO: Completed notify file check
[2025-06-27T22:16:12.135642] INFO: Command appended: notepad for agent stepharoos
[2025-06-27T22:16:12.135858] INFO: Command appended: notepad for agent stepharoos
[2025-06-27T22:16:14.253727] INFO: Starting notify file check
[2025-06-27T22:16:14.254120] INFO: Saved agents to /home/kali/BITStreamC2/agents.json
[2025-06-27T22:16:14.254409] INFO: Saved agents to /home/kali/BITStreamC2/agents.json
[2025-06-27T22:16:14.254429] INFO: Completed notify file check
[2025-06-27T22:16:19.254990] INFO: Starting notify file check
[2025-06-27T22:16:19.255516] INFO: Saved agents to /home/kali/BITStreamC2/agents.json
[2025-06-27T22:16:19.255538] INFO: Completed notify file check
[2025-06-27T22:16:24.255999] INFO: Starting notify file check
[2025-06-27T22:16:24.256490] INFO: Saved agents to /home/kali/BITStreamC2/agents.json
[2025-06-27T22:16:24.256512] INFO: Completed notify file check
[2025-06-27T22:16:29.257014] INFO: Starting notify file check
[2025-06-27T22:16:29.257466] INFO: Saved agents to /home/kali/BITStreamC2/agents.json
[2025-06-27T22:16:29.257518] INFO: Completed notify file check
[2025-06-27T22:16:34.257883] INFO: Starting notify file check
[2025-06-27T22:16:34.258385] INFO: Saved agents to /home/kali/BITStreamC2/agents.json
[2025-06-27T22:16:34.258408] INFO: Completed notify file check
[2025-06-27T22:16:39.258719] INFO: Starting notify file check
[2025-06-27T22:16:39.259165] INFO: Saved agents to /home/kali/BITStreamC2/agents.json
[2025-06-27T22:16:39.259187] INFO: Completed notify file check
[2025-06-27T22:16:44.260269] INFO: Starting notify file check
[2025-06-27T22:16:44.260770] INFO: Saved agents to /home/kali/BITStreamC2/agents.json
[2025-06-27T22:16:44.260792] INFO: Completed notify file check
[2025-06-27T22:16:45.330434] INFO: Command appended: notepad for agent stepharoos
[2025-06-27T22:16:45.330603] INFO: Command appended: notepad for agent stepharoos
[2025-06-27T22:16:46.260707] INFO: Command appended: notepad for agent stepharoos
[2025-06-27T22:16:46.711781] INFO: Command appended: notepad for agent stepharoos
[2025-06-27T22:16:47.159916] INFO: Command appended: notepad for agent stepharoos
[2025-06-27T22:16:47.545402] INFO: Command appended: notepad for agent stepharoos
[2025-06-27T22:16:47.892534] INFO: Command appended: notepad for agent stepharoos
[2025-06-27T22:16:49.261326] INFO: Starting notify file check
[2025-06-27T22:16:49.261944] INFO: Saved agents to /home/kali/BITStreamC2/agents.json
[2025-06-27T22:16:49.262261] INFO: Saved agents to /home/kali/BITStreamC2/agents.json
[2025-06-27T22:16:49.262279] INFO: Completed notify file check
[2025-06-27T22:16:54.262657] INFO: Starting notify file check
[2025-06-27T22:16:54.263315] INFO: Saved agents to /home/kali/BITStreamC2/agents.json
[2025-06-27T22:16:54.263334] INFO: Completed notify file check
[2025-06-27T22:16:59.264094] INFO: Starting notify file check
[2025-06-27T22:16:59.264580] INFO: Saved agents to /home/kali/BITStreamC2/agents.json
[2025-06-27T22:16:59.264600] INFO: Completed notify file check
[2025-06-27T22:17:04.264800] INFO: Starting notify file check
[2025-06-27T22:17:04.265266] INFO: Saved agents to /home/kali/BITStreamC2/agents.json
[2025-06-27T22:17:04.265315] INFO: Completed notify file check
[2025-06-27T22:17:09.265462] INFO: Starting notify file check
[2025-06-27T22:17:09.265993] INFO: Saved agents to /home/kali/BITStreamC2/agents.json
[2025-06-27T22:17:09.266013] INFO: Completed notify file check
[2025-06-27T22:17:13.792650] INFO: Command appended: explorer.exe for agent stepharoos
[2025-06-27T22:17:13.792859] INFO: Command appended: explorer.exe for agent stepharoos
[2025-06-27T22:17:14.266309] INFO: Starting notify file check
[2025-06-27T22:17:14.266804] INFO: Saved agents to /home/kali/BITStreamC2/agents.json
[2025-06-27T22:17:14.266826] INFO: Completed notify file check
[2025-06-27T22:17:19.267400] INFO: Starting notify file check
[2025-06-27T22:17:19.267991] INFO: Saved agents to /home/kali/BITStreamC2/agents.json
[2025-06-27T22:17:19.268280] INFO: Saved agents to /home/kali/BITStreamC2/agents.json
[2025-06-27T22:17:19.268301] INFO: Completed notify file check
[2025-06-27T22:17:24.268811] INFO: Starting notify file check
[2025-06-27T22:17:24.269348] INFO: Saved agents to /home/kali/BITStreamC2/agents.json
[2025-06-27T22:17:24.269370] INFO: Completed notify file check
[2025-06-27T22:17:29.269784] INFO: Starting notify file check
[2025-06-27T22:17:29.270444] INFO: Saved agents to /home/kali/BITStreamC2/agents.json
[2025-06-27T22:17:29.270466] INFO: Completed notify file check
[2025-06-27T22:17:34.270976] INFO: Starting notify file check
[2025-06-27T22:17:34.271657] INFO: Saved agents to /home/kali/BITStreamC2/agents.json
[2025-06-27T22:17:34.271679] INFO: Completed notify file check
[2025-06-27T22:17:34.435406] INFO: Command appended: msedge.exe youtube.com for agent stepharoos
[2025-06-27T22:17:34.435554] INFO: Command appended: msedge.exe youtube.com for agent stepharoos
[2025-06-27T22:17:39.272141] INFO: Starting notify file check
[2025-06-27T22:17:39.272629] INFO: Saved agents to /home/kali/BITStreamC2/agents.json
[2025-06-27T22:17:39.272651] INFO: Completed notify file check
[2025-06-27T22:17:44.273360] INFO: Starting notify file check
[2025-06-27T22:17:44.274058] INFO: Saved agents to /home/kali/BITStreamC2/agents.json
[2025-06-27T22:17:44.274341] INFO: Saved agents to /home/kali/BITStreamC2/agents.json
[2025-06-27T22:17:44.274361] INFO: Completed notify file check
[2025-06-27T22:17:49.274728] INFO: Starting notify file check
[2025-06-27T22:17:49.275369] INFO: Saved agents to /home/kali/BITStreamC2/agents.json
[2025-06-27T22:17:49.275399] INFO: Completed notify file check
[2025-06-27T22:17:54.275859] INFO: Starting notify file check
[2025-06-27T22:17:54.276419] INFO: Saved agents to /home/kali/BITStreamC2/agents.json
[2025-06-27T22:17:54.276442] INFO: Completed notify file check
[2025-06-27T22:17:59.276636] INFO: Starting notify file check
[2025-06-27T22:17:59.277343] INFO: Saved agents to /home/kali/BITStreamC2/agents.json
[2025-06-27T22:17:59.277365] INFO: Completed notify file check
[2025-06-27T22:18:04.277929] INFO: Starting notify file check
[2025-06-27T22:18:04.278416] INFO: Saved agents to /home/kali/BITStreamC2/agents.json
[2025-06-27T22:18:04.278435] INFO: Completed notify file check
[2025-06-27T22:18:05.677084] INFO: Command appended: edge.exe for agent stepharoos
[2025-06-27T22:18:05.677233] INFO: Command appended: edge.exe for agent stepharoos
[2025-06-27T22:18:09.278928] INFO: Starting notify file check
[2025-06-27T22:18:09.279502] INFO: Saved agents to /home/kali/BITStreamC2/agents.json
[2025-06-27T22:18:09.279788] INFO: Saved agents to /home/kali/BITStreamC2/agents.json
[2025-06-27T22:18:09.279810] INFO: Completed notify file check
[2025-06-27T22:18:14.280354] INFO: Starting notify file check
[2025-06-27T22:18:14.280852] INFO: Saved agents to /home/kali/BITStreamC2/agents.json
[2025-06-27T22:18:14.280871] INFO: Completed notify file check
[2025-06-27T22:18:19.281071] INFO: Starting notify file check
[2025-06-27T22:18:19.281715] INFO: Saved agents to /home/kali/BITStreamC2/agents.json
[2025-06-27T22:18:19.281742] INFO: Completed notify file check
[2025-06-27T22:18:24.282350] INFO: Starting notify file check
[2025-06-27T22:18:24.282975] INFO: Saved agents to /home/kali/BITStreamC2/agents.json
[2025-06-27T22:18:24.283002] INFO: Completed notify file check
[2025-06-27T22:18:29.283612] INFO: Starting notify file check
[2025-06-27T22:18:29.284122] INFO: Saved agents to /home/kali/BITStreamC2/agents.json
[2025-06-27T22:18:29.284143] INFO: Completed notify file check
[2025-06-27T22:18:34.284365] INFO: Starting notify file check
[2025-06-27T22:18:34.284863] INFO: Saved agents to /home/kali/BITStreamC2/agents.json
[2025-06-27T22:18:34.284885] INFO: Completed notify file check
[2025-06-27T22:18:39.285177] INFO: Starting notify file check
[2025-06-27T22:18:39.285691] INFO: Saved agents to /home/kali/BITStreamC2/agents.json
[2025-06-27T22:18:39.285712] INFO: Completed notify file check
[2025-06-27T22:18:44.286481] INFO: Starting notify file check
[2025-06-27T22:18:44.287050] INFO: Saved agents to /home/kali/BITStreamC2/agents.json
[2025-06-27T22:18:44.287073] INFO: Completed notify file check
[2025-06-27T22:18:49.287695] INFO: Starting notify file check
[2025-06-27T22:18:49.288227] INFO: Saved agents to /home/kali/BITStreamC2/agents.json
[2025-06-27T22:18:49.288249] INFO: Completed notify file check
[2025-06-27T22:18:54.288616] INFO: Starting notify file check
[2025-06-27T22:18:54.289109] INFO: Saved agents to /home/kali/BITStreamC2/agents.json
[2025-06-27T22:18:54.289131] INFO: Completed notify file check
[2025-06-27T22:18:59.289983] INFO: Starting notify file check
[2025-06-27T22:18:59.290495] INFO: Saved agents to /home/kali/BITStreamC2/agents.json
[2025-06-27T22:18:59.290526] INFO: Completed notify file check
[2025-06-27T22:19:04.290690] INFO: Starting notify file check
[2025-06-27T22:19:04.291223] INFO: Saved agents to /home/kali/BITStreamC2/agents.json
[2025-06-27T22:19:04.291245] INFO: Completed notify file check
[2025-06-27T22:19:09.291405] INFO: Starting notify file check
[2025-06-27T22:19:09.291894] INFO: Saved agents to /home/kali/BITStreamC2/agents.json
[2025-06-27T22:19:09.291917] INFO: Completed notify file check
[2025-06-27T22:19:14.292364] INFO: Starting notify file check
[2025-06-27T22:19:14.292866] INFO: Saved agents to /home/kali/BITStreamC2/agents.json
[2025-06-27T22:19:14.292889] INFO: Completed notify file check
[2025-06-27T22:19:19.293300] INFO: Starting notify file check
[2025-06-27T22:19:19.293931] INFO: Saved agents to /home/kali/BITStreamC2/agents.json
[2025-06-27T22:19:19.293958] INFO: Completed notify file check
[2025-06-27T22:19:24.294413] INFO: Starting notify file check
[2025-06-27T22:19:24.294930] INFO: Saved agents to /home/kali/BITStreamC2/agents.json
[2025-06-27T22:19:24.294952] INFO: Completed notify file check
[2025-06-27T22:19:29.295351] INFO: Starting notify file check
[2025-06-27T22:19:29.295869] INFO: Saved agents to /home/kali/BITStreamC2/agents.json
[2025-06-27T22:19:29.295892] INFO: Completed notify file check
[2025-06-27T22:19:34.296098] INFO: Starting notify file check
[2025-06-27T22:19:34.296586] INFO: Saved agents to /home/kali/BITStreamC2/agents.json
[2025-06-27T22:19:34.296612] INFO: Completed notify file check
[2025-06-27T22:19:37.734869] INFO: Command appended: "C:\Program Files (x86)\Microsoft\Edge\Application\msedge.exe" youtube.com for agent stepharoos
[2025-06-27T22:19:37.735032] INFO: Command appended: "C:\Program Files (x86)\Microsoft\Edge\Application\msedge.exe" youtube.com for agent stepharoos
[2025-06-27T22:19:39.296981] INFO: Starting notify file check
[2025-06-27T22:19:39.297560] INFO: Saved agents to /home/kali/BITStreamC2/agents.json
[2025-06-27T22:19:39.297580] INFO: Completed notify file check
[2025-06-27T22:19:44.298173] INFO: Starting notify file check
[2025-06-27T22:19:44.298757] INFO: Saved agents to /home/kali/BITStreamC2/agents.json
[2025-06-27T22:19:44.299109] INFO: Saved agents to /home/kali/BITStreamC2/agents.json
[2025-06-27T22:19:44.299131] INFO: Completed notify file check
[2025-06-27T22:19:49.299949] INFO: Starting notify file check
[2025-06-27T22:19:49.300491] INFO: Saved agents to /home/kali/BITStreamC2/agents.json
[2025-06-27T22:19:49.300511] INFO: Completed notify file check
[2025-06-27T22:19:54.300744] INFO: Starting notify file check
[2025-06-27T22:19:54.301245] INFO: Saved agents to /home/kali/BITStreamC2/agents.json
[2025-06-27T22:19:54.301264] INFO: Completed notify file check
[2025-06-27T22:19:54.597820] INFO: Command appended: "C:\Program Files (x86)\Microsoft\Edge\Application\msedge.exe" for agent stepharoos
[2025-06-27T22:19:54.597973] INFO: Command appended: "C:\Program Files (x86)\Microsoft\Edge\Application\msedge.exe" for agent stepharoos
[2025-06-27T22:19:59.301630] INFO: Starting notify file check
[2025-06-27T22:19:59.302404] INFO: Saved agents to /home/kali/BITStreamC2/agents.json
[2025-06-27T22:19:59.302686] INFO: Saved agents to /home/kali/BITStreamC2/agents.json
[2025-06-27T22:19:59.302704] INFO: Completed notify file check
[2025-06-27T22:20:04.302940] INFO: Starting notify file check
[2025-06-27T22:20:04.303336] INFO: Saved agents to /home/kali/BITStreamC2/agents.json
[2025-06-27T22:20:04.303363] INFO: Completed notify file check
[2025-06-27T22:20:09.304179] INFO: Starting notify file check
[2025-06-27T22:20:09.304651] INFO: Saved agents to /home/kali/BITStreamC2/agents.json
[2025-06-27T22:20:09.304673] INFO: Completed notify file check
[2025-06-27T22:20:14.304881] INFO: Starting notify file check
[2025-06-27T22:20:14.305161] INFO: Saved agents to /home/kali/BITStreamC2/agents.json
[2025-06-27T22:20:14.305183] INFO: Completed notify file check
[2025-06-27T22:20:19.305471] INFO: Starting notify file check
[2025-06-27T22:20:19.305755] INFO: Saved agents to /home/kali/BITStreamC2/agents.json
[2025-06-27T22:20:19.305810] INFO: Completed notify file check
[2025-06-27T22:20:24.306281] INFO: Starting notify file check
[2025-06-27T22:20:24.306575] INFO: Saved agents to /home/kali/BITStreamC2/agents.json
[2025-06-27T22:20:24.306632] INFO: Completed notify file check
[2025-06-27T22:20:27.281347] INFO: Command appended: calc.exe for agent stepharoos
[2025-06-27T22:20:27.281499] INFO: Command appended: calc.exe for agent stepharoos
[2025-06-27T22:20:29.307444] INFO: Starting notify file check
[2025-06-27T22:20:29.307799] INFO: Saved agents to /home/kali/BITStreamC2/agents.json
[2025-06-27T22:20:29.308121] INFO: Saved agents to /home/kali/BITStreamC2/agents.json
[2025-06-27T22:20:29.308141] INFO: Completed notify file check
[2025-06-27T22:20:34.308331] INFO: Starting notify file check
[2025-06-27T22:20:34.308629] INFO: Saved agents to /home/kali/BITStreamC2/agents.json
[2025-06-27T22:20:34.308648] INFO: Completed notify file check
[2025-06-27T22:20:39.308828] INFO: Starting notify file check
[2025-06-27T22:20:39.309069] INFO: Saved agents to /home/kali/BITStreamC2/agents.json
[2025-06-27T22:20:39.309123] INFO: Completed notify file check
[2025-06-27T22:20:41.574866] INFO: Command appended: pwd for agent stepharoos
[2025-06-27T22:20:41.575036] INFO: Command appended: pwd for agent stepharoos
[2025-06-27T22:20:44.309456] INFO: Starting notify file check
[2025-06-27T22:20:44.309951] INFO: Saved agents to /home/kali/BITStreamC2/agents.json
[2025-06-27T22:20:44.309978] INFO: Completed notify file check
[2025-06-27T22:20:49.310556] INFO: Starting notify file check
[2025-06-27T22:20:49.311183] INFO: Saved agents to /home/kali/BITStreamC2/agents.json
[2025-06-27T22:20:49.311471] INFO: Saved agents to /home/kali/BITStreamC2/agents.json
[2025-06-27T22:20:49.311489] INFO: Completed notify file check
[2025-06-27T22:20:54.312564] INFO: Starting notify file check
[2025-06-27T22:20:54.313082] INFO: Saved agents to /home/kali/BITStreamC2/agents.json
[2025-06-27T22:20:54.313102] INFO: Completed notify file check
[2025-06-27T22:20:59.313238] INFO: Starting notify file check
[2025-06-27T22:20:59.313700] INFO: Saved agents to /home/kali/BITStreamC2/agents.json
[2025-06-27T22:20:59.313748] INFO: Completed notify file check
[2025-06-27T22:21:04.314077] INFO: Starting notify file check
[2025-06-27T22:21:04.314566] INFO: Saved agents to /home/kali/BITStreamC2/agents.json
[2025-06-27T22:21:04.314590] INFO: Completed notify file check
[2025-06-27T22:21:09.314748] INFO: Starting notify file check
[2025-06-27T22:21:09.315197] INFO: Saved agents to /home/kali/BITStreamC2/agents.json
[2025-06-27T22:21:09.315220] INFO: Completed notify file check
[2025-06-27T22:21:14.315408] INFO: Starting notify file check
[2025-06-27T22:21:14.316108] INFO: Saved agents to /home/kali/BITStreamC2/agents.json
[2025-06-27T22:21:14.316128] INFO: Completed notify file check
[2025-06-27T22:21:19.095747] INFO: Command appended: echo "oh my goodness" > hellos.txt for agent stepharoos
[2025-06-27T22:21:19.095905] INFO: Command appended: echo "oh my goodness" > hellos.txt for agent stepharoos
[2025-06-27T22:21:19.316836] INFO: Starting notify file check
[2025-06-27T22:21:19.317319] INFO: Saved agents to /home/kali/BITStreamC2/agents.json
[2025-06-27T22:21:19.317342] INFO: Completed notify file check
[2025-06-27T22:21:24.318235] INFO: Starting notify file check
[2025-06-27T22:21:24.318780] INFO: Saved agents to /home/kali/BITStreamC2/agents.json
[2025-06-27T22:21:24.319143] INFO: Saved agents to /home/kali/BITStreamC2/agents.json
[2025-06-27T22:21:24.319163] INFO: Completed notify file check
[2025-06-27T22:21:29.319753] INFO: Starting notify file check
[2025-06-27T22:21:29.320254] INFO: Saved agents to /home/kali/BITStreamC2/agents.json
[2025-06-27T22:21:29.320305] INFO: Completed notify file check
[2025-06-27T22:21:34.320757] INFO: Starting notify file check
[2025-06-27T22:21:34.321245] INFO: Saved agents to /home/kali/BITStreamC2/agents.json
[2025-06-27T22:21:34.321267] INFO: Completed notify file check
[2025-06-27T22:21:38.430286] INFO: Command appended: echo "oh my goodness" > hellos.txt for agent stepharoos
[2025-06-27T22:21:38.430625] INFO: Command appended: echo "oh my goodness" > hellos.txt for agent stepharoos
[2025-06-27T22:21:39.321557] INFO: Starting notify file check
[2025-06-27T22:21:39.322050] INFO: Saved agents to /home/kali/BITStreamC2/agents.json
[2025-06-27T22:21:39.322073] INFO: Completed notify file check
[2025-06-27T22:21:44.322450] INFO: Starting notify file check
[2025-06-27T22:21:44.322996] INFO: Saved agents to /home/kali/BITStreamC2/agents.json
[2025-06-27T22:21:44.323279] INFO: Saved agents to /home/kali/BITStreamC2/agents.json
[2025-06-27T22:21:44.323299] INFO: Completed notify file check
[2025-06-27T22:21:49.323881] INFO: Starting notify file check
[2025-06-27T22:21:49.324389] INFO: Saved agents to /home/kali/BITStreamC2/agents.json
[2025-06-27T22:21:49.324411] INFO: Completed notify file check
[2025-06-27T22:21:54.324801] INFO: Starting notify file check
[2025-06-27T22:21:54.325304] INFO: Saved agents to /home/kali/BITStreamC2/agents.json
[2025-06-27T22:21:54.325326] INFO: Completed notify file check
[2025-06-27T22:21:59.325537] INFO: Starting notify file check
[2025-06-27T22:21:59.326038] INFO: Saved agents to /home/kali/BITStreamC2/agents.json
[2025-06-27T22:21:59.326079] INFO: Completed notify file check
[2025-06-27T22:22:01.620811] INFO: Saved agents to /home/kali/BITStreamC2/agents.json
[2025-06-27T22:22:04.326625] INFO: Starting notify file check
[2025-06-27T22:22:04.327132] INFO: Saved agents to /home/kali/BITStreamC2/agents.json
[2025-06-27T22:22:04.327154] INFO: Completed notify file check
[2025-06-27T22:22:09.327381] INFO: Starting notify file check
[2025-06-27T22:22:09.327852] INFO: Saved agents to /home/kali/BITStreamC2/agents.json
[2025-06-27T22:22:09.327872] INFO: Completed notify file check
[2025-06-27T22:22:14.259904] INFO: Saved agents to /home/kali/BITStreamC2/agents.json
[2025-06-27T22:22:14.328327] INFO: Starting notify file check
[2025-06-27T22:22:14.328739] INFO: Saved agents to /home/kali/BITStreamC2/agents.json
[2025-06-27T22:22:14.328758] INFO: Completed notify file check
[2025-06-27T22:22:15.488539] INFO: Saved agents to /home/kali/BITStreamC2/agents.json
[2025-06-27T22:22:19.329230] INFO: Starting notify file check
[2025-06-27T22:22:19.330458] INFO: Saved agents to /home/kali/BITStreamC2/agents.json
[2025-06-27T22:22:19.330478] INFO: Completed notify file check
[2025-06-27T22:22:24.330993] INFO: Starting notify file check
[2025-06-27T22:22:24.331455] INFO: Saved agents to /home/kali/BITStreamC2/agents.json
[2025-06-27T22:22:24.331475] INFO: Completed notify file check
[2025-06-27T22:22:29.331634] INFO: Starting notify file check
[2025-06-27T22:22:29.332102] INFO: Saved agents to /home/kali/BITStreamC2/agents.json
[2025-06-27T22:22:29.332125] INFO: Completed notify file check
[2025-06-27T22:22:34.332419] INFO: Starting notify file check
[2025-06-27T22:22:34.332888] INFO: Saved agents to /home/kali/BITStreamC2/agents.json
[2025-06-27T22:22:34.332912] INFO: Completed notify file check
[2025-06-27T22:22:39.333627] INFO: Starting notify file check
[2025-06-27T22:22:39.334093] INFO: Saved agents to /home/kali/BITStreamC2/agents.json
[2025-06-27T22:22:39.334115] INFO: Completed notify file check
[2025-06-27T22:22:44.334398] INFO: Starting notify file check
[2025-06-27T22:22:44.334881] INFO: Saved agents to /home/kali/BITStreamC2/agents.json
[2025-06-27T22:22:44.334902] INFO: Completed notify file check
[2025-06-27T22:22:49.335305] INFO: Starting notify file check
[2025-06-27T22:22:49.335816] INFO: Saved agents to /home/kali/BITStreamC2/agents.json
[2025-06-27T22:22:49.335837] INFO: Completed notify file check
[2025-06-27T22:22:54.336494] INFO: Starting notify file check
[2025-06-27T22:22:54.336953] INFO: Saved agents to /home/kali/BITStreamC2/agents.json
[2025-06-27T22:22:54.336976] INFO: Completed notify file check
[2025-06-27T22:22:59.337564] INFO: Starting notify file check
[2025-06-27T22:22:59.338016] INFO: Saved agents to /home/kali/BITStreamC2/agents.json
[2025-06-27T22:22:59.338037] INFO: Completed notify file check
[2025-06-27T22:23:04.338365] INFO: Starting notify file check
[2025-06-27T22:23:04.338854] INFO: Saved agents to /home/kali/BITStreamC2/agents.json
[2025-06-27T22:23:04.338878] INFO: Completed notify file check
[2025-06-27T22:23:09.339030] INFO: Starting notify file check
[2025-06-27T22:23:09.339459] INFO: Saved agents to /home/kali/BITStreamC2/agents.json
[2025-06-27T22:23:09.339479] INFO: Completed notify file check
[2025-06-27T22:23:14.339684] INFO: Starting notify file check
[2025-06-27T22:23:14.340114] INFO: Saved agents to /home/kali/BITStreamC2/agents.json
[2025-06-27T22:23:14.340134] INFO: Completed notify file check
[2025-06-27T22:23:19.340723] INFO: Starting notify file check
[2025-06-27T22:23:19.341268] INFO: Saved agents to /home/kali/BITStreamC2/agents.json
[2025-06-27T22:23:19.341297] INFO: Completed notify file check
[2025-06-27T22:23:23.220247] INFO: Stopping server script
[2025-06-27T22:23:23.222428] INFO: Server stopped. stdout: , stderr: 192.168.12.131 - - [27/Jun/2025 22:13:27] "BITS_POST /uploads/notify.txt HTTP/1.1" 200 -
192.168.12.131 - - [27/Jun/2025 22:13:27] "BITS_POST /uploads/notify.txt HTTP/1.1" 200 -
192.168.12.131 - - [27/Jun/2025 22:13:27] "BITS_POST /uploads/notify.txt HTTP/1.1" 200 -
192.168.12.131 - - [27/Jun/2025 22:13:27] "HEAD /commands/stepharoos.json HTTP/1.1" 404 -
192.168.12.131 - - [27/Jun/2025 22:13:33] "HEAD /commands/stepharoos.json HTTP/1.1" 200 -
192.168.12.131 - - [27/Jun/2025 22:13:33] "GET /commands/stepharoos.json HTTP/1.1" 200 -
192.168.12.131 - - [27/Jun/2025 22:13:38] "HEAD /commands/stepharoos.json HTTP/1.1" 200 -
192.168.12.131 - - [27/Jun/2025 22:13:38] "GET /commands/stepharoos.json HTTP/1.1" 200 -
192.168.12.131 - - [27/Jun/2025 22:13:43] "HEAD /commands/stepharoos.json HTTP/1.1" 200 -
192.168.12.131 - - [27/Jun/2025 22:13:43] "GET /commands/stepharoos.json HTTP/1.1" 200 -
192.168.12.131 - - [27/Jun/2025 22:13:48] "HEAD /commands/stepharoos.json HTTP/1.1" 200 -
192.168.12.131 - - [27/Jun/2025 22:13:48] "GET /commands/stepharoos.json HTTP/1.1" 200 -
192.168.12.131 - - [27/Jun/2025 22:13:54] "HEAD /commands/stepharoos.json HTTP/1.1" 200 -
192.168.12.131 - - [27/Jun/2025 22:13:54] "GET /commands/stepharoos.json HTTP/1.1" 200 -
192.168.12.131 - - [27/Jun/2025 22:13:55] "BITS_POST /uploads/stepharoos_response.txt HTTP/1.1" 200 -
192.168.12.131 - - [27/Jun/2025 22:13:55] "BITS_POST /uploads/stepharoos_response.txt HTTP/1.1" 200 -
192.168.12.131 - - [27/Jun/2025 22:13:55] "BITS_POST /uploads/stepharoos_response.txt HTTP/1.1" 200 -
192.168.12.131 - - [27/Jun/2025 22:14:01] "HEAD /commands/stepharoos.json HTTP/1.1" 200 -
192.168.12.131 - - [27/Jun/2025 22:14:01] "GET /commands/stepharoos.json HTTP/1.1" 200 -
192.168.12.131 - - [27/Jun/2025 22:14:06] "HEAD /commands/stepharoos.json HTTP/1.1" 200 -
192.168.12.131 - - [27/Jun/2025 22:14:06] "GET /commands/stepharoos.json HTTP/1.1" 200 -
192.168.12.131 - - [27/Jun/2025 22:14:11] "HEAD /commands/stepharoos.json HTTP/1.1" 200 -
192.168.12.131 - - [27/Jun/2025 22:14:11] "GET /commands/stepharoos.json HTTP/1.1" 200 -
192.168.12.131 - - [27/Jun/2025 22:14:16] "HEAD /commands/stepharoos.json HTTP/1.1" 200 -
192.168.12.131 - - [27/Jun/2025 22:14:16] "GET /commands/stepharoos.json HTTP/1.1" 200 -
192.168.12.131 - - [27/Jun/2025 22:14:22] "HEAD /commands/stepharoos.json HTTP/1.1" 200 -
192.168.12.131 - - [27/Jun/2025 22:14:22] "GET /commands/stepharoos.json HTTP/1.1" 200 -
192.168.12.131 - - [27/Jun/2025 22:14:27] "HEAD /commands/stepharoos.json HTTP/1.1" 200 -
192.168.12.131 - - [27/Jun/2025 22:14:27] "GET /commands/stepharoos.json HTTP/1.1" 200 -
192.168.12.131 - - [27/Jun/2025 22:14:27] "BITS_POST /uploads/stepharoos_response.txt HTTP/1.1" 200 -
192.168.12.131 - - [27/Jun/2025 22:14:27] "BITS_POST /uploads/stepharoos_response.txt HTTP/1.1" 200 -
192.168.12.131 - - [27/Jun/2025 22:14:27] "BITS_POST /uploads/stepharoos_response.txt HTTP/1.1" 200 -
192.168.12.131 - - [27/Jun/2025 22:14:32] "HEAD /commands/stepharoos.json HTTP/1.1" 200 -
192.168.12.131 - - [27/Jun/2025 22:14:32] "GET /commands/stepharoos.json HTTP/1.1" 200 -
192.168.12.131 - - [27/Jun/2025 22:14:38] "HEAD /commands/stepharoos.json HTTP/1.1" 200 -
192.168.12.131 - - [27/Jun/2025 22:14:38] "GET /commands/stepharoos.json HTTP/1.1" 200 -
192.168.12.131 - - [27/Jun/2025 22:14:43] "HEAD /commands/stepharoos.json HTTP/1.1" 200 -
192.168.12.131 - - [27/Jun/2025 22:14:43] "GET /commands/stepharoos.json HTTP/1.1" 200 -
192.168.12.131 - - [27/Jun/2025 22:14:48] "HEAD /commands/stepharoos.json HTTP/1.1" 200 -
192.168.12.131 - - [27/Jun/2025 22:14:48] "GET /commands/stepharoos.json HTTP/1.1" 200 -
192.168.12.131 - - [27/Jun/2025 22:14:48] "BITS_POST /uploads/stepharoos_response.txt HTTP/1.1" 200 -
192.168.12.131 - - [27/Jun/2025 22:14:48] "BITS_POST /uploads/stepharoos_response.txt HTTP/1.1" 200 -
192.168.12.131 - - [27/Jun/2025 22:14:48] "BITS_POST /uploads/stepharoos_response.txt HTTP/1.1" 200 -
192.168.12.131 - - [27/Jun/2025 22:14:54] "HEAD /commands/stepharoos.json HTTP/1.1" 200 -
192.168.12.131 - - [27/Jun/2025 22:14:54] "GET /commands/stepharoos.json HTTP/1.1" 200 -
192.168.12.131 - - [27/Jun/2025 22:14:59] "HEAD /commands/stepharoos.json HTTP/1.1" 200 -
192.168.12.131 - - [27/Jun/2025 22:14:59] "GET /commands/stepharoos.json HTTP/1.1" 200 -
192.168.12.131 - - [27/Jun/2025 22:14:59] "BITS_POST /uploads/stepharoos_response.txt HTTP/1.1" 200 -
192.168.12.131 - - [27/Jun/2025 22:14:59] "BITS_POST /uploads/stepharoos_response.txt HTTP/1.1" 200 -
192.168.12.131 - - [27/Jun/2025 22:14:59] "BITS_POST /uploads/stepharoos_response.txt HTTP/1.1" 200 -
192.168.12.131 - - [27/Jun/2025 22:15:04] "HEAD /commands/stepharoos.json HTTP/1.1" 200 -
192.168.12.131 - - [27/Jun/2025 22:15:04] "GET /commands/stepharoos.json HTTP/1.1" 200 -
192.168.12.131 - - [27/Jun/2025 22:15:10] "HEAD /commands/stepharoos.json HTTP/1.1" 200 -
192.168.12.131 - - [27/Jun/2025 22:15:10] "GET /commands/stepharoos.json HTTP/1.1" 200 -
192.168.12.131 - - [27/Jun/2025 22:15:15] "HEAD /commands/stepharoos.json HTTP/1.1" 200 -
192.168.12.131 - - [27/Jun/2025 22:15:15] "GET /commands/stepharoos.json HTTP/1.1" 200 -
192.168.12.131 - - [27/Jun/2025 22:15:15] "BITS_POST /uploads/stepharoos_response.txt HTTP/1.1" 200 -
192.168.12.131 - - [27/Jun/2025 22:15:15] "BITS_POST /uploads/stepharoos_response.txt HTTP/1.1" 200 -
192.168.12.131 - - [27/Jun/2025 22:15:15] "BITS_POST /uploads/stepharoos_response.txt HTTP/1.1" 200 -
192.168.12.131 - - [27/Jun/2025 22:15:20] "HEAD /commands/stepharoos.json HTTP/1.1" 200 -
192.168.12.131 - - [27/Jun/2025 22:15:20] "GET /commands/stepharoos.json HTTP/1.1" 200 -
192.168.12.131 - - [27/Jun/2025 22:15:25] "HEAD /commands/stepharoos.json HTTP/1.1" 200 -
192.168.12.131 - - [27/Jun/2025 22:15:25] "GET /commands/stepharoos.json HTTP/1.1" 200 -
192.168.12.131 - - [27/Jun/2025 22:15:31] "HEAD /commands/stepharoos.json HTTP/1.1" 200 -
192.168.12.131 - - [27/Jun/2025 22:15:31] "GET /commands/stepharoos.json HTTP/1.1" 200 -
192.168.12.131 - - [27/Jun/2025 22:15:31] "BITS_POST /uploads/stepharoos_response.txt HTTP/1.1" 200 -
192.168.12.131 - - [27/Jun/2025 22:15:31] "BITS_POST /uploads/stepharoos_response.txt HTTP/1.1" 200 -
192.168.12.131 - - [27/Jun/2025 22:15:31] "BITS_POST /uploads/stepharoos_response.txt HTTP/1.1" 200 -
192.168.12.131 - - [27/Jun/2025 22:15:36] "HEAD /commands/stepharoos.json HTTP/1.1" 200 -
192.168.12.131 - - [27/Jun/2025 22:15:36] "GET /commands/stepharoos.json HTTP/1.1" 200 -
192.168.12.131 - - [27/Jun/2025 22:15:41] "HEAD /commands/stepharoos.json HTTP/1.1" 200 -
192.168.12.131 - - [27/Jun/2025 22:15:41] "GET /commands/stepharoos.json HTTP/1.1" 200 -
192.168.12.131 - - [27/Jun/2025 22:15:47] "HEAD /commands/stepharoos.json HTTP/1.1" 200 -
192.168.12.131 - - [27/Jun/2025 22:15:47] "GET /commands/stepharoos.json HTTP/1.1" 200 -
192.168.12.131 - - [27/Jun/2025 22:15:52] "HEAD /commands/stepharoos.json HTTP/1.1" 200 -
192.168.12.131 - - [27/Jun/2025 22:15:52] "GET /commands/stepharoos.json HTTP/1.1" 200 -
192.168.12.131 - - [27/Jun/2025 22:15:52] "BITS_POST /uploads/stepharoos_response.txt HTTP/1.1" 200 -
192.168.12.131 - - [27/Jun/2025 22:15:52] "BITS_POST /uploads/stepharoos_response.txt HTTP/1.1" 200 -
192.168.12.131 - - [27/Jun/2025 22:15:52] "BITS_POST /uploads/stepharoos_response.txt HTTP/1.1" 200 -
192.168.12.131 - - [27/Jun/2025 22:15:58] "HEAD /commands/stepharoos.json HTTP/1.1" 200 -
192.168.12.131 - - [27/Jun/2025 22:15:58] "GET /commands/stepharoos.json HTTP/1.1" 200 -
192.168.12.131 - - [27/Jun/2025 22:16:03] "HEAD /commands/stepharoos.json HTTP/1.1" 200 -
192.168.12.131 - - [27/Jun/2025 22:16:03] "GET /commands/stepharoos.json HTTP/1.1" 200 -
192.168.12.131 - - [27/Jun/2025 22:16:08] "HEAD /commands/stepharoos.json HTTP/1.1" 200 -
192.168.12.131 - - [27/Jun/2025 22:16:08] "GET /commands/stepharoos.json HTTP/1.1" 200 -
192.168.12.131 - - [27/Jun/2025 22:16:13] "HEAD /commands/stepharoos.json HTTP/1.1" 200 -
192.168.12.131 - - [27/Jun/2025 22:16:13] "GET /commands/stepharoos.json HTTP/1.1" 200 -
192.168.12.131 - - [27/Jun/2025 22:16:14] "BITS_POST /uploads/stepharoos_response.txt HTTP/1.1" 200 -
192.168.12.131 - - [27/Jun/2025 22:16:14] "BITS_POST /uploads/stepharoos_response.txt HTTP/1.1" 200 -
192.168.12.131 - - [27/Jun/2025 22:16:14] "BITS_POST /uploads/stepharoos_response.txt HTTP/1.1" 200 -
192.168.12.131 - - [27/Jun/2025 22:16:19] "HEAD /commands/stepharoos.json HTTP/1.1" 200 -
192.168.12.131 - - [27/Jun/2025 22:16:19] "GET /commands/stepharoos.json HTTP/1.1" 200 -
192.168.12.131 - - [27/Jun/2025 22:16:25] "HEAD /commands/stepharoos.json HTTP/1.1" 200 -
192.168.12.131 - - [27/Jun/2025 22:16:25] "GET /commands/stepharoos.json HTTP/1.1" 200 -
192.168.12.131 - - [27/Jun/2025 22:16:30] "HEAD /commands/stepharoos.json HTTP/1.1" 200 -
192.168.12.131 - - [27/Jun/2025 22:16:30] "GET /commands/stepharoos.json HTTP/1.1" 200 -
192.168.12.131 - - [27/Jun/2025 22:16:35] "HEAD /commands/stepharoos.json HTTP/1.1" 200 -
192.168.12.131 - - [27/Jun/2025 22:16:35] "GET /commands/stepharoos.json HTTP/1.1" 200 -
192.168.12.131 - - [27/Jun/2025 22:16:40] "HEAD /commands/stepharoos.json HTTP/1.1" 200 -
192.168.12.131 - - [27/Jun/2025 22:16:40] "GET /commands/stepharoos.json HTTP/1.1" 200 -
192.168.12.131 - - [27/Jun/2025 22:16:46] "HEAD /commands/stepharoos.json HTTP/1.1" 200 -
192.168.12.131 - - [27/Jun/2025 22:16:46] "GET /commands/stepharoos.json HTTP/1.1" 200 -
192.168.12.131 - - [27/Jun/2025 22:16:46] "BITS_POST /uploads/stepharoos_response.txt HTTP/1.1" 200 -
192.168.12.131 - - [27/Jun/2025 22:16:46] "BITS_POST /uploads/stepharoos_response.txt HTTP/1.1" 200 -
192.168.12.131 - - [27/Jun/2025 22:16:46] "BITS_POST /uploads/stepharoos_response.txt HTTP/1.1" 200 -
192.168.12.131 - - [27/Jun/2025 22:16:51] "HEAD /commands/stepharoos.json HTTP/1.1" 200 -
192.168.12.131 - - [27/Jun/2025 22:16:51] "GET /commands/stepharoos.json HTTP/1.1" 200 -
192.168.12.131 - - [27/Jun/2025 22:16:56] "HEAD /commands/stepharoos.json HTTP/1.1" 200 -
192.168.12.131 - - [27/Jun/2025 22:16:56] "GET /commands/stepharoos.json HTTP/1.1" 200 -
192.168.12.131 - - [27/Jun/2025 22:17:02] "HEAD /commands/stepharoos.json HTTP/1.1" 200 -
192.168.12.131 - - [27/Jun/2025 22:17:02] "GET /commands/stepharoos.json HTTP/1.1" 200 -
192.168.12.131 - - [27/Jun/2025 22:17:07] "HEAD /commands/stepharoos.json HTTP/1.1" 200 -
192.168.12.131 - - [27/Jun/2025 22:17:07] "GET /commands/stepharoos.json HTTP/1.1" 200 -
192.168.12.131 - - [27/Jun/2025 22:17:12] "HEAD /commands/stepharoos.json HTTP/1.1" 200 -
192.168.12.131 - - [27/Jun/2025 22:17:12] "GET /commands/stepharoos.json HTTP/1.1" 200 -
192.168.12.131 - - [27/Jun/2025 22:17:17] "HEAD /commands/stepharoos.json HTTP/1.1" 200 -
192.168.12.131 - - [27/Jun/2025 22:17:17] "GET /commands/stepharoos.json HTTP/1.1" 200 -
192.168.12.131 - - [27/Jun/2025 22:17:18] "BITS_POST /uploads/stepharoos_response.txt HTTP/1.1" 200 -
192.168.12.131 - - [27/Jun/2025 22:17:18] "BITS_POST /uploads/stepharoos_response.txt HTTP/1.1" 200 -
192.168.12.131 - - [27/Jun/2025 22:17:18] "BITS_POST /uploads/stepharoos_response.txt HTTP/1.1" 200 -
192.168.12.131 - - [27/Jun/2025 22:17:23] "HEAD /commands/stepharoos.json HTTP/1.1" 200 -
192.168.12.131 - - [27/Jun/2025 22:17:23] "GET /commands/stepharoos.json HTTP/1.1" 200 -
192.168.12.131 - - [27/Jun/2025 22:17:29] "HEAD /commands/stepharoos.json HTTP/1.1" 200 -
192.168.12.131 - - [27/Jun/2025 22:17:29] "GET /commands/stepharoos.json HTTP/1.1" 200 -
192.168.12.131 - - [27/Jun/2025 22:17:34] "HEAD /commands/stepharoos.json HTTP/1.1" 200 -
192.168.12.131 - - [27/Jun/2025 22:17:34] "GET /commands/stepharoos.json HTTP/1.1" 200 -
192.168.12.131 - - [27/Jun/2025 22:17:39] "HEAD /commands/stepharoos.json HTTP/1.1" 200 -
192.168.12.131 - - [27/Jun/2025 22:17:39] "GET /commands/stepharoos.json HTTP/1.1" 200 -
192.168.12.131 - - [27/Jun/2025 22:17:39] "BITS_POST /uploads/stepharoos_response.txt HTTP/1.1" 200 -
192.168.12.131 - - [27/Jun/2025 22:17:39] "BITS_POST /uploads/stepharoos_response.txt HTTP/1.1" 200 -
192.168.12.131 - - [27/Jun/2025 22:17:39] "BITS_POST /uploads/stepharoos_response.txt HTTP/1.1" 200 -
192.168.12.131 - - [27/Jun/2025 22:17:45] "HEAD /commands/stepharoos.json HTTP/1.1" 200 -
192.168.12.131 - - [27/Jun/2025 22:17:45] "GET /commands/stepharoos.json HTTP/1.1" 200 -
192.168.12.131 - - [27/Jun/2025 22:17:50] "HEAD /commands/stepharoos.json HTTP/1.1" 200 -
192.168.12.131 - - [27/Jun/2025 22:17:50] "GET /commands/stepharoos.json HTTP/1.1" 200 -
192.168.12.131 - - [27/Jun/2025 22:17:55] "HEAD /commands/stepharoos.json HTTP/1.1" 200 -
192.168.12.131 - - [27/Jun/2025 22:17:55] "GET /commands/stepharoos.json HTTP/1.1" 200 -
192.168.12.131 - - [27/Jun/2025 22:18:00] "HEAD /commands/stepharoos.json HTTP/1.1" 200 -
192.168.12.131 - - [27/Jun/2025 22:18:00] "GET /commands/stepharoos.json HTTP/1.1" 200 -
192.168.12.131 - - [27/Jun/2025 22:18:06] "HEAD /commands/stepharoos.json HTTP/1.1" 200 -
192.168.12.131 - - [27/Jun/2025 22:18:06] "GET /commands/stepharoos.json HTTP/1.1" 200 -
192.168.12.131 - - [27/Jun/2025 22:18:06] "BITS_POST /uploads/stepharoos_response.txt HTTP/1.1" 200 -
192.168.12.131 - - [27/Jun/2025 22:18:06] "BITS_POST /uploads/stepharoos_response.txt HTTP/1.1" 200 -
192.168.12.131 - - [27/Jun/2025 22:18:06] "BITS_POST /uploads/stepharoos_response.txt HTTP/1.1" 200 -
192.168.12.131 - - [27/Jun/2025 22:18:11] "HEAD /commands/stepharoos.json HTTP/1.1" 200 -
192.168.12.131 - - [27/Jun/2025 22:18:11] "GET /commands/stepharoos.json HTTP/1.1" 200 -
192.168.12.131 - - [27/Jun/2025 22:18:16] "HEAD /commands/stepharoos.json HTTP/1.1" 200 -
192.168.12.131 - - [27/Jun/2025 22:18:16] "GET /commands/stepharoos.json HTTP/1.1" 200 -
192.168.12.131 - - [27/Jun/2025 22:18:22] "HEAD /commands/stepharoos.json HTTP/1.1" 200 -
192.168.12.131 - - [27/Jun/2025 22:18:22] "GET /commands/stepharoos.json HTTP/1.1" 200 -
192.168.12.131 - - [27/Jun/2025 22:18:27] "HEAD /commands/stepharoos.json HTTP/1.1" 200 -
192.168.12.131 - - [27/Jun/2025 22:18:27] "GET /commands/stepharoos.json HTTP/1.1" 200 -
192.168.12.131 - - [27/Jun/2025 22:18:32] "HEAD /commands/stepharoos.json HTTP/1.1" 200 -
192.168.12.131 - - [27/Jun/2025 22:18:32] "GET /commands/stepharoos.json HTTP/1.1" 200 -
192.168.12.131 - - [27/Jun/2025 22:18:37] "HEAD /commands/stepharoos.json HTTP/1.1" 200 -
192.168.12.131 - - [27/Jun/2025 22:18:37] "GET /commands/stepharoos.json HTTP/1.1" 200 -
192.168.12.131 - - [27/Jun/2025 22:18:42] "HEAD /commands/stepharoos.json HTTP/1.1" 200 -
192.168.12.131 - - [27/Jun/2025 22:18:42] "GET /commands/stepharoos.json HTTP/1.1" 200 -
192.168.12.131 - - [27/Jun/2025 22:18:48] "HEAD /commands/stepharoos.json HTTP/1.1" 200 -
192.168.12.131 - - [27/Jun/2025 22:18:48] "GET /commands/stepharoos.json HTTP/1.1" 200 -
192.168.12.131 - - [27/Jun/2025 22:18:53] "HEAD /commands/stepharoos.json HTTP/1.1" 200 -
192.168.12.131 - - [27/Jun/2025 22:18:53] "GET /commands/stepharoos.json HTTP/1.1" 200 -
192.168.12.131 - - [27/Jun/2025 22:18:58] "HEAD /commands/stepharoos.json HTTP/1.1" 200 -
192.168.12.131 - - [27/Jun/2025 22:18:58] "GET /commands/stepharoos.json HTTP/1.1" 200 -
192.168.12.131 - - [27/Jun/2025 22:19:03] "HEAD /commands/stepharoos.json HTTP/1.1" 200 -
192.168.12.131 - - [27/Jun/2025 22:19:03] "GET /commands/stepharoos.json HTTP/1.1" 200 -
192.168.12.131 - - [27/Jun/2025 22:19:09] "HEAD /commands/stepharoos.json HTTP/1.1" 200 -
192.168.12.131 - - [27/Jun/2025 22:19:09] "GET /commands/stepharoos.json HTTP/1.1" 200 -
192.168.12.131 - - [27/Jun/2025 22:19:14] "HEAD /commands/stepharoos.json HTTP/1.1" 200 -
192.168.12.131 - - [27/Jun/2025 22:19:14] "GET /commands/stepharoos.json HTTP/1.1" 200 -
192.168.12.131 - - [27/Jun/2025 22:19:19] "HEAD /commands/stepharoos.json HTTP/1.1" 200 -
192.168.12.131 - - [27/Jun/2025 22:19:19] "GET /commands/stepharoos.json HTTP/1.1" 200 -
192.168.12.131 - - [27/Jun/2025 22:19:24] "HEAD /commands/stepharoos.json HTTP/1.1" 200 -
192.168.12.131 - - [27/Jun/2025 22:19:24] "GET /commands/stepharoos.json HTTP/1.1" 200 -
192.168.12.131 - - [27/Jun/2025 22:19:30] "HEAD /commands/stepharoos.json HTTP/1.1" 200 -
192.168.12.131 - - [27/Jun/2025 22:19:30] "GET /commands/stepharoos.json HTTP/1.1" 200 -
192.168.12.131 - - [27/Jun/2025 22:19:35] "HEAD /commands/stepharoos.json HTTP/1.1" 200 -
192.168.12.131 - - [27/Jun/2025 22:19:35] "GET /commands/stepharoos.json HTTP/1.1" 200 -
192.168.12.131 - - [27/Jun/2025 22:19:40] "HEAD /commands/stepharoos.json HTTP/1.1" 200 -
192.168.12.131 - - [27/Jun/2025 22:19:40] "GET /commands/stepharoos.json HTTP/1.1" 200 -
192.168.12.131 - - [27/Jun/2025 22:19:40] "BITS_POST /uploads/stepharoos_response.txt HTTP/1.1" 200 -
192.168.12.131 - - [27/Jun/2025 22:19:40] "BITS_POST /uploads/stepharoos_response.txt HTTP/1.1" 200 -
192.168.12.131 - - [27/Jun/2025 22:19:40] "BITS_POST /uploads/stepharoos_response.txt HTTP/1.1" 200 -
192.168.12.131 - - [27/Jun/2025 22:19:45] "HEAD /commands/stepharoos.json HTTP/1.1" 200 -
192.168.12.131 - - [27/Jun/2025 22:19:46] "GET /commands/stepharoos.json HTTP/1.1" 200 -
192.168.12.131 - - [27/Jun/2025 22:19:51] "HEAD /commands/stepharoos.json HTTP/1.1" 200 -
192.168.12.131 - - [27/Jun/2025 22:19:51] "GET /commands/stepharoos.json HTTP/1.1" 200 -
192.168.12.131 - - [27/Jun/2025 22:19:56] "HEAD /commands/stepharoos.json HTTP/1.1" 200 -
192.168.12.131 - - [27/Jun/2025 22:19:56] "GET /commands/stepharoos.json HTTP/1.1" 200 -
192.168.12.131 - - [27/Jun/2025 22:19:56] "BITS_POST /uploads/stepharoos_response.txt HTTP/1.1" 200 -
192.168.12.131 - - [27/Jun/2025 22:19:56] "BITS_POST /uploads/stepharoos_response.txt HTTP/1.1" 200 -
192.168.12.131 - - [27/Jun/2025 22:19:56] "BITS_POST /uploads/stepharoos_response.txt HTTP/1.1" 200 -
192.168.12.131 - - [27/Jun/2025 22:20:01] "HEAD /commands/stepharoos.json HTTP/1.1" 200 -
192.168.12.131 - - [27/Jun/2025 22:20:01] "GET /commands/stepharoos.json HTTP/1.1" 200 -
192.168.12.131 - - [27/Jun/2025 22:20:07] "HEAD /commands/stepharoos.json HTTP/1.1" 200 -
192.168.12.131 - - [27/Jun/2025 22:20:07] "GET /commands/stepharoos.json HTTP/1.1" 200 -
192.168.12.131 - - [27/Jun/2025 22:20:12] "HEAD /commands/stepharoos.json HTTP/1.1" 200 -
192.168.12.131 - - [27/Jun/2025 22:20:12] "GET /commands/stepharoos.json HTTP/1.1" 200 -
192.168.12.131 - - [27/Jun/2025 22:20:17] "HEAD /commands/stepharoos.json HTTP/1.1" 200 -
192.168.12.131 - - [27/Jun/2025 22:20:17] "GET /commands/stepharoos.json HTTP/1.1" 200 -
192.168.12.131 - - [27/Jun/2025 22:20:22] "HEAD /commands/stepharoos.json HTTP/1.1" 200 -
192.168.12.131 - - [27/Jun/2025 22:20:22] "GET /commands/stepharoos.json HTTP/1.1" 200 -
192.168.12.131 - - [27/Jun/2025 22:20:28] "HEAD /commands/stepharoos.json HTTP/1.1" 200 -
192.168.12.131 - - [27/Jun/2025 22:20:28] "GET /commands/stepharoos.json HTTP/1.1" 200 -
192.168.12.131 - - [27/Jun/2025 22:20:28] "BITS_POST /uploads/stepharoos_response.txt HTTP/1.1" 200 -
192.168.12.131 - - [27/Jun/2025 22:20:28] "BITS_POST /uploads/stepharoos_response.txt HTTP/1.1" 200 -
192.168.12.131 - - [27/Jun/2025 22:20:28] "BITS_POST /uploads/stepharoos_response.txt HTTP/1.1" 200 -
192.168.12.131 - - [27/Jun/2025 22:20:33] "HEAD /commands/stepharoos.json HTTP/1.1" 200 -
192.168.12.131 - - [27/Jun/2025 22:20:34] "GET /commands/stepharoos.json HTTP/1.1" 200 -
192.168.12.131 - - [27/Jun/2025 22:20:39] "HEAD /commands/stepharoos.json HTTP/1.1" 200 -
192.168.12.131 - - [27/Jun/2025 22:20:39] "GET /commands/stepharoos.json HTTP/1.1" 200 -
192.168.12.131 - - [27/Jun/2025 22:20:44] "HEAD /commands/stepharoos.json HTTP/1.1" 200 -
192.168.12.131 - - [27/Jun/2025 22:20:44] "GET /commands/stepharoos.json HTTP/1.1" 200 -
192.168.12.131 - - [27/Jun/2025 22:20:44] "BITS_POST /uploads/stepharoos_response.txt HTTP/1.1" 200 -
192.168.12.131 - - [27/Jun/2025 22:20:44] "BITS_POST /uploads/stepharoos_response.txt HTTP/1.1" 200 -
192.168.12.131 - - [27/Jun/2025 22:20:44] "BITS_POST /uploads/stepharoos_response.txt HTTP/1.1" 200 -
192.168.12.131 - - [27/Jun/2025 22:20:49] "HEAD /commands/stepharoos.json HTTP/1.1" 200 -
192.168.12.131 - - [27/Jun/2025 22:20:49] "GET /commands/stepharoos.json HTTP/1.1" 200 -
192.168.12.131 - - [27/Jun/2025 22:20:55] "HEAD /commands/stepharoos.json HTTP/1.1" 200 -
192.168.12.131 - - [27/Jun/2025 22:20:55] "GET /commands/stepharoos.json HTTP/1.1" 200 -
192.168.12.131 - - [27/Jun/2025 22:21:00] "HEAD /commands/stepharoos.json HTTP/1.1" 200 -
192.168.12.131 - - [27/Jun/2025 22:21:00] "GET /commands/stepharoos.json HTTP/1.1" 200 -
192.168.12.131 - - [27/Jun/2025 22:21:05] "HEAD /commands/stepharoos.json HTTP/1.1" 200 -
192.168.12.131 - - [27/Jun/2025 22:21:05] "GET /commands/stepharoos.json HTTP/1.1" 200 -
192.168.12.131 - - [27/Jun/2025 22:21:10] "HEAD /commands/stepharoos.json HTTP/1.1" 200 -
192.168.12.131 - - [27/Jun/2025 22:21:10] "GET /commands/stepharoos.json HTTP/1.1" 200 -
192.168.12.131 - - [27/Jun/2025 22:21:16] "HEAD /commands/stepharoos.json HTTP/1.1" 200 -
192.168.12.131 - - [27/Jun/2025 22:21:16] "GET /commands/stepharoos.json HTTP/1.1" 200 -
192.168.12.131 - - [27/Jun/2025 22:21:21] "HEAD /commands/stepharoos.json HTTP/1.1" 200 -
192.168.12.131 - - [27/Jun/2025 22:21:21] "GET /commands/stepharoos.json HTTP/1.1" 200 -
192.168.12.131 - - [27/Jun/2025 22:21:21] "BITS_POST /uploads/stepharoos_response.txt HTTP/1.1" 200 -
192.168.12.131 - - [27/Jun/2025 22:21:21] "BITS_POST /uploads/stepharoos_response.txt HTTP/1.1" 200 -
192.168.12.131 - - [27/Jun/2025 22:21:21] "BITS_POST /uploads/stepharoos_response.txt HTTP/1.1" 200 -
192.168.12.131 - - [27/Jun/2025 22:21:26] "HEAD /commands/stepharoos.json HTTP/1.1" 200 -
192.168.12.131 - - [27/Jun/2025 22:21:26] "GET /commands/stepharoos.json HTTP/1.1" 200 -
192.168.12.131 - - [27/Jun/2025 22:21:32] "HEAD /commands/stepharoos.json HTTP/1.1" 200 -
192.168.12.131 - - [27/Jun/2025 22:21:32] "GET /commands/stepharoos.json HTTP/1.1" 200 -
192.168.12.131 - - [27/Jun/2025 22:21:37] "HEAD /commands/stepharoos.json HTTP/1.1" 200 -
192.168.12.131 - - [27/Jun/2025 22:21:37] "GET /commands/stepharoos.json HTTP/1.1" 200 -
192.168.12.131 - - [27/Jun/2025 22:21:42] "HEAD /commands/stepharoos.json HTTP/1.1" 200 -
192.168.12.131 - - [27/Jun/2025 22:21:42] "GET /commands/stepharoos.json HTTP/1.1" 200 -
192.168.12.131 - - [27/Jun/2025 22:21:42] "BITS_POST /uploads/stepharoos_response.txt HTTP/1.1" 200 -
192.168.12.131 - - [27/Jun/2025 22:21:42] "BITS_POST /uploads/stepharoos_response.txt HTTP/1.1" 200 -
192.168.12.131 - - [27/Jun/2025 22:21:42] "BITS_POST /uploads/stepharoos_response.txt HTTP/1.1" 200 -
192.168.12.131 - - [27/Jun/2025 22:21:47] "HEAD /commands/stepharoos.json HTTP/1.1" 200 -
192.168.12.131 - - [27/Jun/2025 22:21:47] "GET /commands/stepharoos.json HTTP/1.1" 200 -
192.168.12.131 - - [27/Jun/2025 22:21:53] "HEAD /commands/stepharoos.json HTTP/1.1" 200 -
192.168.12.131 - - [27/Jun/2025 22:21:53] "GET /commands/stepharoos.json HTTP/1.1" 200 -
192.168.12.131 - - [27/Jun/2025 22:21:59] "HEAD /commands/stepharoos.json HTTP/1.1" 200 -
192.168.12.131 - - [27/Jun/2025 22:21:59] "GET /commands/stepharoos.json HTTP/1.1" 200 -
192.168.12.131 - - [27/Jun/2025 22:22:04] "HEAD /commands/stepharoos.json HTTP/1.1" 200 -
192.168.12.131 - - [27/Jun/2025 22:22:04] "GET /commands/stepharoos.json HTTP/1.1" 200 -
192.168.12.131 - - [27/Jun/2025 22:22:09] "HEAD /commands/stepharoos.json HTTP/1.1" 200 -
192.168.12.131 - - [27/Jun/2025 22:22:09] "GET /commands/stepharoos.json HTTP/1.1" 200 -
192.168.12.131 - - [27/Jun/2025 22:22:15] "HEAD /commands/stepharoos.json HTTP/1.1" 404 -

